# JRE version: Java(TM) SE Runtime Environment (8.0) (build 1.8.0_481-b10)
# Java VM: Java HotSpot(TM) Client VM (25.481-b10 mixed mode windows-x86 )
Heap:
 def new generation   total 4928K, used 1650K [0x04a00000, 0x04f50000, 0x09f50000)
  eden space 4416K,  25% used [0x04a00000, 0x04b1d220, 0x04e50000)
  from space 512K,  99% used [0x04e50000, 0x04ecf890, 0x04ed0000)
  to   space 512K,   0% used [0x04ed0000, 0x04ed0000, 0x04f50000)
 tenured generation   total 10944K, used 996K [0x09f50000, 0x0aa00000, 0x14a00000)
   the space 10944K,   9% used [0x09f50000, 0x0a049240, 0x0a049400, 0x0aa00000)
 Metaspace       used 6014K, capacity 6190K, committed 6272K, reserved 6528K
GC Heap History (4 events):
Event: 0.192 GC heap before
{Heap before GC invocations=0 (full 0):
 def new generation   total 4928K, used 4416K [0x04a00000, 0x04f50000, 0x09f50000)
  eden space 4416K, 100% used [0x04a00000, 0x04e50000, 0x04e50000)
  from space 512K,   0% used [0x04e50000, 0x04e50000, 0x04ed0000)
  to   space 512K,   0% used [0x04ed0000, 0x04ed0000, 0x04f50000)
 tenured generation   total 10944K, used 0K [0x09f50000, 0x0aa00000, 0x14a00000)
   the space 10944K,   0% used [0x09f50000, 0x09f50000, 0x09f50200, 0x0aa00000)
 Metaspace       used 3267K, capacity 3312K, committed 3392K, reserved 4480K
Event: 0.194 GC heap after
Heap after GC invocations=1 (full 0):
 def new generation   total 4928K, used 512K [0x04a00000, 0x04f50000, 0x09f50000)
  eden space 4416K,   0% used [0x04a00000, 0x04a00000, 0x04e50000)
  from space 512K, 100% used [0x04ed0000, 0x04f50000, 0x04f50000)
  to   space 512K,   0% used [0x04e50000, 0x04e50000, 0x04ed0000)
 tenured generation   total 10944K, used 439K [0x09f50000, 0x0aa00000, 0x14a00000)
   the space 10944K,   4% used [0x09f50000, 0x09fbde90, 0x09fbe000, 0x0aa00000)
 Metaspace       used 3267K, capacity 3312K, committed 3392K, reserved 4480K
}
Event: 0.282 GC heap before
{Heap before GC invocations=1 (full 0):
 def new generation   total 4928K, used 4901K [0x04a00000, 0x04f50000, 0x09f50000)
  eden space 4416K,  99% used [0x04a00000, 0x04e49780, 0x04e50000)
  from space 512K, 100% used [0x04ed0000, 0x04f50000, 0x04f50000)
  to   space 512K,   0% used [0x04e50000, 0x04e50000, 0x04ed0000)
 tenured generation   total 10944K, used 439K [0x09f50000, 0x0aa00000, 0x14a00000)
   the space 10944K,   4% used [0x09f50000, 0x09fbde90, 0x09fbe000, 0x0aa00000)
 Metaspace       used 5342K, capacity 5530K, committed 5632K, reserved 6528K
Event: 0.284 GC heap after
Heap after GC invocations=2 (full 0):
 def new generation   total 4928K, used 510K [0x04a00000, 0x04f50000, 0x09f50000)
  eden space 4416K,   0% used [0x04a00000, 0x04a00000, 0x04e50000)
  from space 512K,  99% used [0x04e50000, 0x04ecf890, 0x04ed0000)
  to   space 512K,   0% used [0x04ed0000, 0x04ed0000, 0x04f50000)
 tenured generation   total 10944K, used 996K [0x09f50000, 0x0aa00000, 0x14a00000)
   the space 10944K,   9% used [0x09f50000, 0x0a049240, 0x0a049400, 0x0aa00000)
 Metaspace       used 5342K, capacity 5530K, committed 5632K, reserved 6528K
}

